Server started
Server started
Starting up http-server, serving /home/pi/chaosGit/
Available on:
  http://127.0.0.1:8080
  http://128.112.72.88:8080
  http://192.168.1.1:8080
  http://169.254.180.116:8080
Hit CTRL-C to stop the server
[Fri May 26 2017 16:13:50 GMT+0000 (UTC)] "GET /" "Mozilla/5.0 (iPhone; CPU iPhone OS 10_0_2 like Mac OS X) AppleWebKit/602.1.50 (KHTML, like Gecko) Version/10.0 Mobile/14A456 Safari/602.1"
[Fri May 26 2017 16:13:51 GMT+0000 (UTC)] "GET /logo.png" "Mozilla/5.0 (iPhone; CPU iPhone OS 10_0_2 like Mac OS X) AppleWebKit/602.1.50 (KHTML, like Gecko) Version/10.0 Mobile/14A456 Safari/602.1"
[Fri May 26 2017 16:13:51 GMT+0000 (UTC)] "GET /js/three.js" "Mozilla/5.0 (iPhone; CPU iPhone OS 10_0_2 like Mac OS X) AppleWebKit/602.1.50 (KHTML, like Gecko) Version/10.0 Mobile/14A456 Safari/602.1"
[Fri May 26 2017 16:13:51 GMT+0000 (UTC)] "GET /js/Detector.js" "Mozilla/5.0 (iPhone; CPU iPhone OS 10_0_2 like Mac OS X) AppleWebKit/602.1.50 (KHTML, like Gecko) Version/10.0 Mobile/14A456 Safari/602.1"
[Fri May 26 2017 16:13:51 GMT+0000 (UTC)] "GET /js/smartScanning.js" "Mozilla/5.0 (iPhone; CPU iPhone OS 10_0_2 like Mac OS X) AppleWebKit/602.1.50 (KHTML, like Gecko) Version/10.0 Mobile/14A456 Safari/602.1"
[Fri May 26 2017 16:13:51 GMT+0000 (UTC)] "GET /js/controls/OrbitControls.js" "Mozilla/5.0 (iPhone; CPU iPhone OS 10_0_2 like Mac OS X) AppleWebKit/602.1.50 (KHTML, like Gecko) Version/10.0 Mobile/14A456 Safari/602.1"
[Fri May 26 2017 16:13:51 GMT+0000 (UTC)] "GET /js/smartData.js" "Mozilla/5.0 (iPhone; CPU iPhone OS 10_0_2 like Mac OS X) AppleWebKit/602.1.50 (KHTML, like Gecko) Version/10.0 Mobile/14A456 Safari/602.1"
[Fri May 26 2017 16:13:51 GMT+0000 (UTC)] "GET /js/smartGraphics.js" "Mozilla/5.0 (iPhone; CPU iPhone OS 10_0_2 like Mac OS X) AppleWebKit/602.1.50 (KHTML, like Gecko) Version/10.0 Mobile/14A456 Safari/602.1"
[Fri May 26 2017 16:13:51 GMT+0000 (UTC)] "GET /js/smartMain.js" "Mozilla/5.0 (iPhone; CPU iPhone OS 10_0_2 like Mac OS X) AppleWebKit/602.1.50 (KHTML, like Gecko) Version/10.0 Mobile/14A456 Safari/602.1"
[Fri May 26 2017 16:13:52 GMT+0000 (UTC)] "GET /scanParams/6v-scanPoints.json" "Mozilla/5.0 (iPhone; CPU iPhone OS 10_0_2 like Mac OS X) AppleWebKit/602.1.50 (KHTML, like Gecko) Version/10.0 Mobile/14A456 Safari/602.1"
[Fri May 26 2017 16:14:45 GMT+0000 (UTC)] "GET /" "Mozilla/5.0 (Macintosh; Intel Mac OS X 10_12_1) AppleWebKit/537.36 (KHTML, like Gecko) Chrome/58.0.3029.110 Safari/537.36"
[Fri May 26 2017 16:14:45 GMT+0000 (UTC)] "GET /js/three.js" "Mozilla/5.0 (Macintosh; Intel Mac OS X 10_12_1) AppleWebKit/537.36 (KHTML, like Gecko) Chrome/58.0.3029.110 Safari/537.36"
[Fri May 26 2017 16:14:45 GMT+0000 (UTC)] "GET /js/controls/OrbitControls.js" "Mozilla/5.0 (Macintosh; Intel Mac OS X 10_12_1) AppleWebKit/537.36 (KHTML, like Gecko) Chrome/58.0.3029.110 Safari/537.36"
[Fri May 26 2017 16:14:45 GMT+0000 (UTC)] "GET /js/smartGraphics.js" "Mozilla/5.0 (Macintosh; Intel Mac OS X 10_12_1) AppleWebKit/537.36 (KHTML, like Gecko) Chrome/58.0.3029.110 Safari/537.36"
[Fri May 26 2017 16:14:45 GMT+0000 (UTC)] "GET /js/Detector.js" "Mozilla/5.0 (Macintosh; Intel Mac OS X 10_12_1) AppleWebKit/537.36 (KHTML, like Gecko) Chrome/58.0.3029.110 Safari/537.36"
[Fri May 26 2017 16:14:45 GMT+0000 (UTC)] "GET /js/smartScanning.js" "Mozilla/5.0 (Macintosh; Intel Mac OS X 10_12_1) AppleWebKit/537.36 (KHTML, like Gecko) Chrome/58.0.3029.110 Safari/537.36"
[Fri May 26 2017 16:14:45 GMT+0000 (UTC)] "GET /js/smartData.js" "Mozilla/5.0 (Macintosh; Intel Mac OS X 10_12_1) AppleWebKit/537.36 (KHTML, like Gecko) Chrome/58.0.3029.110 Safari/537.36"
[Fri May 26 2017 16:14:45 GMT+0000 (UTC)] "GET /js/smartMain.js" "Mozilla/5.0 (Macintosh; Intel Mac OS X 10_12_1) AppleWebKit/537.36 (KHTML, like Gecko) Chrome/58.0.3029.110 Safari/537.36"
[Fri May 26 2017 16:14:46 GMT+0000 (UTC)] "GET /logo.png" "Mozilla/5.0 (Macintosh; Intel Mac OS X 10_12_1) AppleWebKit/537.36 (KHTML, like Gecko) Chrome/58.0.3029.110 Safari/537.36"
[Fri May 26 2017 16:14:46 GMT+0000 (UTC)] "GET /scanParams/6v-scanPoints.json" "Mozilla/5.0 (Macintosh; Intel Mac OS X 10_12_1) AppleWebKit/537.36 (KHTML, like Gecko) Chrome/58.0.3029.110 Safari/537.36"
Server started
Server started
Starting up http-server, serving /home/pi/chaosGit/
Available on:
  http://127.0.0.1:8080
  http://128.112.72.88:8080
  http://192.168.1.1:8080
  http://169.254.180.116:8080
Hit CTRL-C to stop the server
[Fri May 26 2017 16:23:04 GMT+0000 (UTC)] "GET /" "Mozilla/5.0 (iPhone; CPU iPhone OS 10_0_2 like Mac OS X) AppleWebKit/602.1.50 (KHTML, like Gecko) Version/10.0 Mobile/14A456 Safari/602.1"
[Fri May 26 2017 16:23:04 GMT+0000 (UTC)] "GET /js/three.js" "Mozilla/5.0 (iPhone; CPU iPhone OS 10_0_2 like Mac OS X) AppleWebKit/602.1.50 (KHTML, like Gecko) Version/10.0 Mobile/14A456 Safari/602.1"
[Fri May 26 2017 16:23:05 GMT+0000 (UTC)] "GET /logo.png" "Mozilla/5.0 (iPhone; CPU iPhone OS 10_0_2 like Mac OS X) AppleWebKit/602.1.50 (KHTML, like Gecko) Version/10.0 Mobile/14A456 Safari/602.1"
[Fri May 26 2017 16:23:05 GMT+0000 (UTC)] "GET /js/controls/OrbitControls.js" "Mozilla/5.0 (iPhone; CPU iPhone OS 10_0_2 like Mac OS X) AppleWebKit/602.1.50 (KHTML, like Gecko) Version/10.0 Mobile/14A456 Safari/602.1"
[Fri May 26 2017 16:23:05 GMT+0000 (UTC)] "GET /js/smartGraphics.js" "Mozilla/5.0 (iPhone; CPU iPhone OS 10_0_2 like Mac OS X) AppleWebKit/602.1.50 (KHTML, like Gecko) Version/10.0 Mobile/14A456 Safari/602.1"
[Fri May 26 2017 16:23:05 GMT+0000 (UTC)] "GET /js/Detector.js" "Mozilla/5.0 (iPhone; CPU iPhone OS 10_0_2 like Mac OS X) AppleWebKit/602.1.50 (KHTML, like Gecko) Version/10.0 Mobile/14A456 Safari/602.1"
[Fri May 26 2017 16:23:05 GMT+0000 (UTC)] "GET /js/smartScanning.js" "Mozilla/5.0 (iPhone; CPU iPhone OS 10_0_2 like Mac OS X) AppleWebKit/602.1.50 (KHTML, like Gecko) Version/10.0 Mobile/14A456 Safari/602.1"
[Fri May 26 2017 16:23:05 GMT+0000 (UTC)] "GET /js/smartMain.js" "Mozilla/5.0 (iPhone; CPU iPhone OS 10_0_2 like Mac OS X) AppleWebKit/602.1.50 (KHTML, like Gecko) Version/10.0 Mobile/14A456 Safari/602.1"
[Fri May 26 2017 16:23:05 GMT+0000 (UTC)] "GET /js/smartData.js" "Mozilla/5.0 (iPhone; CPU iPhone OS 10_0_2 like Mac OS X) AppleWebKit/602.1.50 (KHTML, like Gecko) Version/10.0 Mobile/14A456 Safari/602.1"
[Fri May 26 2017 16:23:05 GMT+0000 (UTC)] "GET /scanParams/6v-scanPoints.json" "Mozilla/5.0 (iPhone; CPU iPhone OS 10_0_2 like Mac OS X) AppleWebKit/602.1.50 (KHTML, like Gecko) Version/10.0 Mobile/14A456 Safari/602.1"
